
  ___  ____  ____  ____  ____ (R)
 /__    /   ____/   /   ____/
___/   /   /___/   /   /___/   11.2   Copyright 1985-2009 StataCorp LP
  Statistics/Data Analysis            StataCorp
                                      4905 Lakeway Drive
                                      College Station, Texas 77845 USA
                                      800-STATA-PC        http://www.stata.com
                                      979-696-4600        stata@stata.com
                                      979-696-4601 (fax)

10-user Stata network perpetual license:
       Serial number:  40110518773
         Licensed to:  Research Data Services
                       University of Pennsylvania

Notes:
      1.  (-m# option or -set memory-) 10.00 MB allocated to data
      2.  Command line editing disabled
      3.  Stata running in batch mode

Note:  Your site can add messages to the introduction by editing the file
       stata.msg in the directory where Stata is installed.

. do MigrationCalculations.do MigrationCalculations.log 

. #delimit ;
delimiter now ;
. set memory 30m;
(30720k)

. use DummiesData;
file DummiesData.dta not Stata format
r(610);

end of do-file
r(610);
